camerak/build/intermediates/manifest_merge_blame_file/debug/manifest-merger-blame-debug-report.txt
1<?xml version="1.0" encoding="utf-8"?>
2<manifest xmlns:android="http://schemas.android.com/apk/res/android"
3    package="com.mozhimen.camerak" >
4
5    <uses-sdk
6        android:minSdkVersion="18"
6-->src\main\AndroidManifest.xml
7        android:targetSdkVersion="33" />
7-->src\main\AndroidManifest.xml
8
9    <uses-permission android:name="android.permission.CAMERA" />
9-->src\main\AndroidManifest.xml:4:5-65
9-->src\main\AndroidManifest.xml:4:22-62
10    <uses-permission android:name="android.permission.RECORD_AUDIO" />
10-->src\main\AndroidManifest.xml:5:5-71
10-->src\main\AndroidManifest.xml:5:22-68
11    <uses-permission android:name="android.permission.WRITE_EXTERNAL_STORAGE" />
11-->src\main\AndroidManifest.xml:6:5-81
11-->src\main\AndroidManifest.xml:6:22-78
12
13    <uses-feature
13-->src\main\AndroidManifest.xml:8:5-10:35
14        android:name="android.hardware.camera"
14-->src\main\AndroidManifest.xml:9:9-47
15        android:required="true" />
15-->src\main\AndroidManifest.xml:10:9-32
16    <uses-feature
16-->src\main\AndroidManifest.xml:11:5-13:35
17        android:name="android.hardware.camera.front"
17-->src\main\AndroidManifest.xml:12:9-53
18        android:required="true" />
18-->src\main\AndroidManifest.xml:13:9-32
19    <uses-feature
19-->src\main\AndroidManifest.xml:14:5-16:35
20        android:name="android.hardware.camera.autofocus"
20-->src\main\AndroidManifest.xml:15:9-57
21        android:required="true" />
21-->src\main\AndroidManifest.xml:16:9-32
22    <uses-feature
22-->src\main\AndroidManifest.xml:17:5-19:35
23        android:name="android.hardware.microphone"
23-->src\main\AndroidManifest.xml:18:9-51
24        android:required="true" />
24-->src\main\AndroidManifest.xml:19:9-32
25
26</manifest>